<?xml version="1.0" encoding="UTF-8"?>
<testsuite xmlns:xsi="http://www.w3.org/2001/XMLSchema-instance" xsi:noNamespaceSchemaLocation="https://maven.apache.org/surefire/maven-surefire-plugin/xsd/surefire-test-report-3.0.xsd" version="3.0" name="com.demoqa.tests.tests.ElementsTests" time="7.495" tests="1" errors="0" skipped="0" failures="0">
  <properties>
[...]
</properties>
  <testcase name="getAllLinksTest" classname="com.demoqa.tests.tests.ElementsTests" time="7.492">
    <system-out><![CDATA[10:48:24.334 [main] INFO  i.g.bonigarcia.wdm.WebDriverManager -- Using chromedriver 151.0.7922.138 (resolved driver for Chrome 151)
10:48:24.365 [main] INFO  i.g.bonigarcia.wdm.WebDriverManager -- Exporting webdriver.chrome.driver as C:\Users\7515534\.cache\selenium\chromedriver\win64\151.0.7922.138\chromedriver.exe
10:48:27.766 [main] INFO  com.demoqa.utils.MyListener -- We opened the sitehttps://demoqa.com
Total links on the page = 2
10:48:30.639 [main] INFO  com.demoqa.utils.MyListener -- [[ChromeDriver: chrome on windows (4a7bfec7bd67db290ba166f06658fd01)] -> css selector: div.col-md-6 a] contains Click Here for Valid Link
10:48:30.640 [main] INFO  com.demoqa.utils.MyListener -- ********************************
Click Here for Valid Link
10:48:30.656 [main] INFO  com.demoqa.utils.MyListener -- [[ChromeDriver: chrome on windows (4a7bfec7bd67db290ba166f06658fd01)] -> css selector: div.col-md-6 a] contains Click Here for Broken Link
10:48:30.657 [main] INFO  com.demoqa.utils.MyListener -- ********************************
Click Here for Broken Link
]]></system-out>
  </testcase>
</testsuite>